<?xml version="1.0" encoding="UTF-8"?>
<testsuite xmlns:xsi="http://www.w3.org/2001/XMLSchema-instance" xsi:noNamespaceSchemaLocation="https://maven.apache.org/surefire/maven-surefire-plugin/xsd/surefire-test-report.xsd" name="com.fqserver.AppTest" time="0.027" tests="1" errors="0" skipped="0" failures="0">
  <properties>
    <property name="sun.desktop" value="windows"/>
    <property name="awt.toolkit" value="sun.awt.windows.WToolkit"/>
    <property name="file.encoding.pkg" value="sun.io"/>
    <property name="java.specification.version" value="1.8"/>
    <property name="sun.cpu.isalist" value="amd64"/>
    <property name="sun.jnu.encoding" value="GBK"/>
    <property name="java.class.path" value="E:\EclipseWorkSpace\sdk\target\test-classes;E:\EclipseWorkSpace\sdk\target\classes;E:\repository\io\netty\netty-all\4.1.39.Final\netty-all-4.1.39.Final.jar;E:\repository\org\apache\httpcomponents\httpcore\4.4.5\httpcore-4.4.5.jar;E:\repository\org\apache\httpcomponents\httpclient\4.5.4\httpclient-4.5.4.jar;E:\repository\commons-logging\commons-logging\1.2\commons-logging-1.2.jar;E:\repository\com\fasterxml\jackson\core\jackson-core\2.9.8\jackson-core-2.9.8.jar;E:\repository\com\fasterxml\jackson\core\jackson-annotations\2.9.8\jackson-annotations-2.9.8.jar;E:\repository\com\fasterxml\jackson\core\jackson-databind\2.9.8\jackson-databind-2.9.8.jar;E:\repository\org\msgpack\jackson-dataformat-msgpack\0.8.11\jackson-dataformat-msgpack-0.8.11.jar;E:\repository\org\msgpack\msgpack-core\0.8.11\msgpack-core-0.8.11.jar;E:\repository\com\fasterxml\jackson\dataformat\jackson-dataformat-cbor\2.9.7\jackson-dataformat-cbor-2.9.7.jar;E:\repository\net\jpountz\lz4\lz4\1.3.0\lz4-1.3.0.jar;E:\repository\org\xerial\snappy\snappy-java\1.1.7.2\snappy-java-1.1.7.2.jar;E:\repository\com\ning\async-http-client\1.9.40\async-http-client-1.9.40.jar;E:\repository\io\netty\netty\3.10.6.Final\netty-3.10.6.Final.jar;E:\repository\org\slf4j\slf4j-api\1.7.12\slf4j-api-1.7.12.jar;E:\repository\org\apache\commons\commons-lang3\3.9\commons-lang3-3.9.jar;E:\repository\commons-configuration\commons-configuration\1.5\commons-configuration-1.5.jar;E:\repository\commons-collections\commons-collections\3.2\commons-collections-3.2.jar;E:\repository\commons-lang\commons-lang\2.3\commons-lang-2.3.jar;E:\repository\commons-digester\commons-digester\1.8\commons-digester-1.8.jar;E:\repository\commons-beanutils\commons-beanutils\1.7.0\commons-beanutils-1.7.0.jar;E:\repository\commons-beanutils\commons-beanutils-core\1.7.0\commons-beanutils-core-1.7.0.jar;E:\repository\commons-codec\commons-codec\1.10\commons-codec-1.10.jar;E:\repository\org\nutz\nutz\1.r.67\nutz-1.r.67.jar;E:\repository\ch\qos\logback\logback-core\1.2.3\logback-core-1.2.3.jar;E:\repository\ch\qos\logback\logback-classic\1.2.3\logback-classic-1.2.3.jar;E:\repository\mysql\mysql-connector-java\5.1.45\mysql-connector-java-5.1.45.jar;E:\repository\junit\junit\4.11\junit-4.11.jar;E:\repository\org\hamcrest\hamcrest-core\1.3\hamcrest-core-1.3.jar;"/>
    <property name="java.vm.vendor" value="Oracle Corporation"/>
    <property name="sun.arch.data.model" value="64"/>
    <property name="user.variant" value=""/>
    <property name="java.vendor.url" value="http://java.oracle.com/"/>
    <property name="user.timezone" value="Asia/Shanghai"/>
    <property name="java.vm.specification.version" value="1.8"/>
    <property name="os.name" value="Windows 10"/>
    <property name="user.country" value="CN"/>
    <property name="sun.java.launcher" value="SUN_STANDARD"/>
    <property name="sun.boot.library.path" value="C:\Program Files\Java\jre1.8.0_202\bin"/>
    <property name="sun.java.command" value="C:\Users\yuans\AppData\Local\Temp\surefire5641706157336397495\surefirebooter4361176562989255288.jar C:\Users\yuans\AppData\Local\Temp\surefire5641706157336397495 2019-09-02T10-45-58_415-jvmRun1 surefire1855869499678479404tmp surefire_04267733626356863156tmp"/>
    <property name="surefire.test.class.path" value="E:\EclipseWorkSpace\sdk\target\test-classes;E:\EclipseWorkSpace\sdk\target\classes;E:\repository\io\netty\netty-all\4.1.39.Final\netty-all-4.1.39.Final.jar;E:\repository\org\apache\httpcomponents\httpcore\4.4.5\httpcore-4.4.5.jar;E:\repository\org\apache\httpcomponents\httpclient\4.5.4\httpclient-4.5.4.jar;E:\repository\commons-logging\commons-logging\1.2\commons-logging-1.2.jar;E:\repository\com\fasterxml\jackson\core\jackson-core\2.9.8\jackson-core-2.9.8.jar;E:\repository\com\fasterxml\jackson\core\jackson-annotations\2.9.8\jackson-annotations-2.9.8.jar;E:\repository\com\fasterxml\jackson\core\jackson-databind\2.9.8\jackson-databind-2.9.8.jar;E:\repository\org\msgpack\jackson-dataformat-msgpack\0.8.11\jackson-dataformat-msgpack-0.8.11.jar;E:\repository\org\msgpack\msgpack-core\0.8.11\msgpack-core-0.8.11.jar;E:\repository\com\fasterxml\jackson\dataformat\jackson-dataformat-cbor\2.9.7\jackson-dataformat-cbor-2.9.7.jar;E:\repository\net\jpountz\lz4\lz4\1.3.0\lz4-1.3.0.jar;E:\repository\org\xerial\snappy\snappy-java\1.1.7.2\snappy-java-1.1.7.2.jar;E:\repository\com\ning\async-http-client\1.9.40\async-http-client-1.9.40.jar;E:\repository\io\netty\netty\3.10.6.Final\netty-3.10.6.Final.jar;E:\repository\org\slf4j\slf4j-api\1.7.12\slf4j-api-1.7.12.jar;E:\repository\org\apache\commons\commons-lang3\3.9\commons-lang3-3.9.jar;E:\repository\commons-configuration\commons-configuration\1.5\commons-configuration-1.5.jar;E:\repository\commons-collections\commons-collections\3.2\commons-collections-3.2.jar;E:\repository\commons-lang\commons-lang\2.3\commons-lang-2.3.jar;E:\repository\commons-digester\commons-digester\1.8\commons-digester-1.8.jar;E:\repository\commons-beanutils\commons-beanutils\1.7.0\commons-beanutils-1.7.0.jar;E:\repository\commons-beanutils\commons-beanutils-core\1.7.0\commons-beanutils-core-1.7.0.jar;E:\repository\commons-codec\commons-codec\1.10\commons-codec-1.10.jar;E:\repository\org\nutz\nutz\1.r.67\nutz-1.r.67.jar;E:\repository\ch\qos\logback\logback-core\1.2.3\logback-core-1.2.3.jar;E:\repository\ch\qos\logback\logback-classic\1.2.3\logback-classic-1.2.3.jar;E:\repository\mysql\mysql-connector-java\5.1.45\mysql-connector-java-5.1.45.jar;E:\repository\junit\junit\4.11\junit-4.11.jar;E:\repository\org\hamcrest\hamcrest-core\1.3\hamcrest-core-1.3.jar;"/>
    <property name="sun.cpu.endian" value="little"/>
    <property name="user.home" value="C:\Users\yuans"/>
    <property name="user.language" value="zh"/>
    <property name="java.specification.vendor" value="Oracle Corporation"/>
    <property name="java.home" value="C:\Program Files\Java\jre1.8.0_202"/>
    <property name="basedir" value="E:\EclipseWorkSpace\sdk"/>
    <property name="file.separator" value="\"/>
    <property name="line.separator" value="&#10;"/>
    <property name="java.vm.specification.vendor" value="Oracle Corporation"/>
    <property name="java.specification.name" value="Java Platform API Specification"/>
    <property name="java.awt.graphicsenv" value="sun.awt.Win32GraphicsEnvironment"/>
    <property name="surefire.real.class.path" value="C:\Users\yuans\AppData\Local\Temp\surefire5641706157336397495\surefirebooter4361176562989255288.jar"/>
    <property name="sun.boot.class.path" value="C:\Program Files\Java\jre1.8.0_202\lib\resources.jar;C:\Program Files\Java\jre1.8.0_202\lib\rt.jar;C:\Program Files\Java\jre1.8.0_202\lib\sunrsasign.jar;C:\Program Files\Java\jre1.8.0_202\lib\jsse.jar;C:\Program Files\Java\jre1.8.0_202\lib\jce.jar;C:\Program Files\Java\jre1.8.0_202\lib\charsets.jar;C:\Program Files\Java\jre1.8.0_202\lib\jfr.jar;C:\Program Files\Java\jre1.8.0_202\classes"/>
    <property name="user.script" value=""/>
    <property name="sun.management.compiler" value="HotSpot 64-Bit Tiered Compilers"/>
    <property name="java.runtime.version" value="1.8.0_202-b08"/>
    <property name="user.name" value="yuans"/>
    <property name="path.separator" value=";"/>
    <property name="os.version" value="10.0"/>
    <property name="java.endorsed.dirs" value="C:\Program Files\Java\jre1.8.0_202\lib\endorsed"/>
    <property name="java.runtime.name" value="Java(TM) SE Runtime Environment"/>
    <property name="file.encoding" value="GBK"/>
    <property name="java.vm.name" value="Java HotSpot(TM) 64-Bit Server VM"/>
    <property name="localRepository" value="E:\repository"/>
    <property name="java.vendor.url.bug" value="http://bugreport.sun.com/bugreport/"/>
    <property name="java.io.tmpdir" value="C:\Users\yuans\AppData\Local\Temp\"/>
    <property name="java.version" value="1.8.0_202"/>
    <property name="user.dir" value="E:\EclipseWorkSpace\sdk"/>
    <property name="os.arch" value="amd64"/>
    <property name="java.vm.specification.name" value="Java Virtual Machine Specification"/>
    <property name="java.awt.printerjob" value="sun.awt.windows.WPrinterJob"/>
    <property name="sun.os.patch.level" value=""/>
    <property name="java.library.path" value="C:\Program Files\Java\jre1.8.0_202\bin;C:\windows\Sun\Java\bin;C:\windows\system32;C:\windows;C:/Program Files/Java/jre1.8.0_202/bin/server;C:/Program Files/Java/jre1.8.0_202/bin;C:/Program Files/Java/jre1.8.0_202/lib/amd64;C:\Program Files (x86)\Common Files\Oracle\Java\javapath;D:\Program Files (x86)\NetSarang\Xshell 6\;C:\windows\system32;C:\windows;C:\windows\System32\Wbem;C:\windows\System32\WindowsPowerShell\v1.0\;C:\windows\System32\OpenSSH\;C:\Program Files (x86)\NVIDIA Corporation\PhysX\Common;C:\Program Files\Intel\WiFi\bin\;C:\Program Files\Common Files\Intel\WirelessCommon\;C:\Program Files (x86)\Intel\Intel(R) Management Engine Components\DAL;C:\Program Files\Intel\Intel(R) Management Engine Components\DAL;D:\Program Files\TortoiseSVN\bin;&quot;C:\Program Files\Java\jdk1.8.0_202\bin;C:\Program Files\Java\jdk1.8.0_202\jre\bin&quot;;E:\apache-maven-3.6.1\bin;E:\apache-tomcat-8.5.24\lib;E:\apache-tomcat-8.5.24\bin;D:\Program Files\python\python37;D:\Program Files\python\python37\Scripts;C:\Users\yuans\AppData\Local\Microsoft\WindowsApps;;E:\eclipse-jee-2019-06-R-win32-x86_64\eclipse;;."/>
    <property name="java.vm.info" value="mixed mode"/>
    <property name="java.vendor" value="Oracle Corporation"/>
    <property name="java.vm.version" value="25.202-b08"/>
    <property name="java.ext.dirs" value="C:\Program Files\Java\jre1.8.0_202\lib\ext;C:\windows\Sun\Java\lib\ext"/>
    <property name="sun.io.unicode.encoding" value="UnicodeLittle"/>
    <property name="java.class.version" value="52.0"/>
  </properties>
  <testcase name="shouldAnswerWithTrue" classname="com.fqserver.AppTest" time="0.002"/>
</testsuite>